2020-04-09 16:03:08.538  INFO 10572 --- [main] com.item.WebsocketserviceApplication     : No active profile set, falling back to default profiles: default
2020-04-09 16:03:09.122  INFO 10572 --- [main] .s.d.r.c.RepositoryConfigurationDelegate : Multiple Spring Data modules found, entering strict repository configuration mode!
2020-04-09 16:03:09.125  INFO 10572 --- [main] .s.d.r.c.RepositoryConfigurationDelegate : Bootstrapping Spring Data Redis repositories in DEFAULT mode.
2020-04-09 16:03:09.154  INFO 10572 --- [main] .s.d.r.c.RepositoryConfigurationDelegate : Finished Spring Data repository scanning in 13ms. Found 0 Redis repository interfaces.
2020-04-09 16:03:09.343  INFO 10572 --- [main] o.s.cloud.context.scope.GenericScope     : BeanFactory id=9ff35bd5-dd10-3efd-99d3-fb9cbf9d4196
2020-04-09 16:03:09.607  INFO 10572 --- [main] o.s.b.w.embedded.tomcat.TomcatWebServer  : Tomcat initialized with port(s): 8083 (http)
2020-04-09 16:03:09.613  INFO 10572 --- [main] o.apache.catalina.core.StandardService   : Starting service [Tomcat]
2020-04-09 16:03:09.613  INFO 10572 --- [main] org.apache.catalina.core.StandardEngine  : Starting Servlet engine: [Apache Tomcat/9.0.31]
2020-04-09 16:03:09.732  INFO 10572 --- [main] o.a.c.c.C.[Tomcat].[localhost].[/]       : Initializing Spring embedded WebApplicationContext
2020-04-09 16:03:09.733  INFO 10572 --- [main] o.s.web.context.ContextLoader            : Root WebApplicationContext: initialization completed in 1175 ms
2020-04-09 16:03:10.328  INFO 10572 --- [main] o.s.s.c.ThreadPoolTaskScheduler          : Initializing ExecutorService 'taskScheduler'
2020-04-09 16:03:10.457  INFO 10572 --- [main] io.lettuce.core.EpollProvider            : Starting without optional epoll library
2020-04-09 16:03:10.458  INFO 10572 --- [main] io.lettuce.core.KqueueProvider           : Starting without optional kqueue library
2020-04-09 16:03:11.451  WARN 10572 --- [main] c.n.c.sources.URLConfigurationSource     : No URLs will be polled as dynamic configuration sources.
2020-04-09 16:03:11.451  INFO 10572 --- [main] c.n.c.sources.URLConfigurationSource     : To enable URLs as dynamic configuration sources, define System property archaius.configurationSource.additionalUrls or make config.properties available on classpath.
2020-04-09 16:03:11.454  WARN 10572 --- [main] c.n.c.sources.URLConfigurationSource     : No URLs will be polled as dynamic configuration sources.
2020-04-09 16:03:11.454  INFO 10572 --- [main] c.n.c.sources.URLConfigurationSource     : To enable URLs as dynamic configuration sources, define System property archaius.configurationSource.additionalUrls or make config.properties available on classpath.
2020-04-09 16:03:11.570  INFO 10572 --- [main] o.s.s.concurrent.ThreadPoolTaskExecutor  : Initializing ExecutorService 'applicationTaskExecutor'
2020-04-09 16:03:13.417  INFO 10572 --- [main] o.s.cloud.commons.util.InetUtils         : Cannot determine local hostname
2020-04-09 16:03:15.016  INFO 10572 --- [main] o.s.cloud.commons.util.InetUtils         : Cannot determine local hostname
2020-04-09 16:03:16.645  INFO 10572 --- [main] o.s.cloud.commons.util.InetUtils         : Cannot determine local hostname
2020-04-09 16:03:16.665  WARN 10572 --- [main] ockingLoadBalancerClientRibbonWarnLogger : You already have RibbonLoadBalancerClient on your classpath. It will be used by default. As Spring Cloud Ribbon is in maintenance mode. We recommend switching to BlockingLoadBalancerClient instead. In order to use it, set the value of `spring.cloud.loadbalancer.ribbon.enabled` to `false` or remove spring-cloud-starter-netflix-ribbon from your project.
2020-04-09 16:03:16.740  INFO 10572 --- [main] o.s.c.n.eureka.InstanceInfoFactory       : Setting initial instance status as: STARTING
2020-04-09 16:03:16.766  INFO 10572 --- [main] com.netflix.discovery.DiscoveryClient    : Initializing Eureka in region us-east-1
2020-04-09 16:03:17.414  INFO 10572 --- [main] c.n.d.provider.DiscoveryJerseyProvider   : Using JSON encoding codec LegacyJacksonJson
2020-04-09 16:03:17.415  INFO 10572 --- [main] c.n.d.provider.DiscoveryJerseyProvider   : Using JSON decoding codec LegacyJacksonJson
2020-04-09 16:03:17.497  INFO 10572 --- [main] c.n.d.provider.DiscoveryJerseyProvider   : Using XML encoding codec XStreamXml
2020-04-09 16:03:17.497  INFO 10572 --- [main] c.n.d.provider.DiscoveryJerseyProvider   : Using XML decoding codec XStreamXml
2020-04-09 16:03:17.678  INFO 10572 --- [main] c.n.d.s.r.aws.ConfigClusterResolver      : Resolving eureka endpoints via configuration
2020-04-09 16:03:18.125  INFO 10572 --- [main] com.netflix.discovery.DiscoveryClient    : Disable delta property : false
2020-04-09 16:03:18.126  INFO 10572 --- [main] com.netflix.discovery.DiscoveryClient    : Single vip registry refresh property : null
2020-04-09 16:03:18.126  INFO 10572 --- [main] com.netflix.discovery.DiscoveryClient    : Force full registry fetch : false
2020-04-09 16:03:18.126  INFO 10572 --- [main] com.netflix.discovery.DiscoveryClient    : Application is null : false
2020-04-09 16:03:18.126  INFO 10572 --- [main] com.netflix.discovery.DiscoveryClient    : Registered Applications size is zero : true
2020-04-09 16:03:18.126  INFO 10572 --- [main] com.netflix.discovery.DiscoveryClient    : Application version is -1: true
2020-04-09 16:03:18.126  INFO 10572 --- [main] com.netflix.discovery.DiscoveryClient    : Getting all instance registry info from the eureka server
2020-04-09 16:03:18.285  INFO 10572 --- [main] com.netflix.discovery.DiscoveryClient    : The response status is 200
2020-04-09 16:03:18.286  INFO 10572 --- [main] com.netflix.discovery.DiscoveryClient    : Starting heartbeat executor: renew interval is: 30
2020-04-09 16:03:18.289  INFO 10572 --- [main] c.n.discovery.InstanceInfoReplicator     : InstanceInfoReplicator onDemand update allowed rate per min is 4
2020-04-09 16:03:18.292  INFO 10572 --- [main] com.netflix.discovery.DiscoveryClient    : Discovery Client initialized at timestamp 1586419398291 with initial instances count: 0
2020-04-09 16:03:18.293  INFO 10572 --- [main] o.s.c.n.e.s.EurekaServiceRegistry        : Registering application SERVICE with eureka with status UP
2020-04-09 16:03:18.293  INFO 10572 --- [main] com.netflix.discovery.DiscoveryClient    : Saw local status change event StatusChangeEvent [timestamp=1586419398293, current=UP, previous=STARTING]
2020-04-09 16:03:18.295  INFO 10572 --- [DiscoveryClient-InstanceInfoReplicator-0] com.netflix.discovery.DiscoveryClient    : DiscoveryClient_SERVICE/localhost:SERVICE:8083: registering service...
2020-04-09 16:03:18.371  INFO 10572 --- [DiscoveryClient-InstanceInfoReplicator-0] com.netflix.discovery.DiscoveryClient    : DiscoveryClient_SERVICE/localhost:SERVICE:8083 - registration status: 204
2020-04-09 16:03:18.872  INFO 10572 --- [main] o.s.b.w.embedded.tomcat.TomcatWebServer  : Tomcat started on port(s): 8083 (http) with context path ''
2020-04-09 16:03:18.873  INFO 10572 --- [main] .s.c.n.e.s.EurekaAutoServiceRegistration : Updating port to 8083
2020-04-09 16:03:20.507  INFO 10572 --- [main] o.s.cloud.commons.util.InetUtils         : Cannot determine local hostname
2020-04-09 16:03:20.508  INFO 10572 --- [main] com.item.WebsocketserviceApplication     : Started WebsocketserviceApplication in 16.811 seconds (JVM running for 19.627)
2020-04-09 16:03:48.288  INFO 10572 --- [DiscoveryClient-CacheRefreshExecutor-0] com.netflix.discovery.DiscoveryClient    : Disable delta property : false
2020-04-09 16:03:48.288  INFO 10572 --- [DiscoveryClient-CacheRefreshExecutor-0] com.netflix.discovery.DiscoveryClient    : Single vip registry refresh property : null
2020-04-09 16:03:48.288  INFO 10572 --- [DiscoveryClient-CacheRefreshExecutor-0] com.netflix.discovery.DiscoveryClient    : Force full registry fetch : false
2020-04-09 16:03:48.288  INFO 10572 --- [DiscoveryClient-CacheRefreshExecutor-0] com.netflix.discovery.DiscoveryClient    : Application is null : false
2020-04-09 16:03:48.288  INFO 10572 --- [DiscoveryClient-CacheRefreshExecutor-0] com.netflix.discovery.DiscoveryClient    : Registered Applications size is zero : true
2020-04-09 16:03:48.288  INFO 10572 --- [DiscoveryClient-CacheRefreshExecutor-0] com.netflix.discovery.DiscoveryClient    : Application version is -1: false
2020-04-09 16:03:48.288  INFO 10572 --- [DiscoveryClient-CacheRefreshExecutor-0] com.netflix.discovery.DiscoveryClient    : Getting all instance registry info from the eureka server
2020-04-09 16:03:48.314  INFO 10572 --- [DiscoveryClient-CacheRefreshExecutor-0] com.netflix.discovery.DiscoveryClient    : The response status is 200
2020-04-09 16:04:07.838  INFO 10572 --- [http-nio-8083-exec-1] o.a.c.c.C.[Tomcat].[localhost].[/]       : Initializing Spring DispatcherServlet 'dispatcherServlet'
2020-04-09 16:04:07.838  INFO 10572 --- [http-nio-8083-exec-1] o.s.web.servlet.DispatcherServlet        : Initializing Servlet 'dispatcherServlet'
2020-04-09 16:04:07.843  INFO 10572 --- [http-nio-8083-exec-1] o.s.web.servlet.DispatcherServlet        : Completed initialization in 5 ms
2020-04-09 16:04:07.920  INFO 10572 --- [http-nio-8083-exec-1] com.zaxxer.hikari.HikariDataSource       : HikariPool-1 - Starting...
2020-04-09 16:04:07.921  WARN 10572 --- [http-nio-8083-exec-1] com.zaxxer.hikari.util.DriverDataSource  : Registered driver with driverClassName=com.mysql.jdbc.Driver was not found, trying direct instantiation.
2020-04-09 16:04:08.169  INFO 10572 --- [http-nio-8083-exec-1] com.zaxxer.hikari.HikariDataSource       : HikariPool-1 - Start completed.
2020-04-09 16:04:08.174 DEBUG 10572 --- [http-nio-8083-exec-1] com.item.mapper.UserMapper.userLogin     : ==>  Preparing: select * from user where account='2900798493' and `password` ='lkl011124' 
2020-04-09 16:04:08.192 DEBUG 10572 --- [http-nio-8083-exec-1] com.item.mapper.UserMapper.userLogin     : ==> Parameters: 
2020-04-09 16:04:08.210 DEBUG 10572 --- [http-nio-8083-exec-1] com.item.mapper.UserMapper.userLogin     : <==      Total: 1
2020-04-09 16:07:38.513 DEBUG 10572 --- [http-nio-8083-exec-3] com.item.mapper.UserMapper.userLogin     : ==>  Preparing: select * from user where account='2900798493' and `password` ='lkl011124' 
2020-04-09 16:07:38.513 DEBUG 10572 --- [http-nio-8083-exec-3] com.item.mapper.UserMapper.userLogin     : ==> Parameters: 
2020-04-09 16:07:38.514 DEBUG 10572 --- [http-nio-8083-exec-3] com.item.mapper.UserMapper.userLogin     : <==      Total: 1
2020-04-09 16:08:18.129  INFO 10572 --- [AsyncResolver-bootstrap-executor-0] c.n.d.s.r.aws.ConfigClusterResolver      : Resolving eureka endpoints via configuration
2020-04-09 16:13:18.132  INFO 10572 --- [AsyncResolver-bootstrap-executor-0] c.n.d.s.r.aws.ConfigClusterResolver      : Resolving eureka endpoints via configuration
2020-04-09 16:14:56.308 DEBUG 10572 --- [http-nio-8083-exec-5] com.item.mapper.UserMapper.userLogin     : ==>  Preparing: select * from user where account='2900798493' and `password` ='lkl011124' 
2020-04-09 16:14:56.308 DEBUG 10572 --- [http-nio-8083-exec-5] com.item.mapper.UserMapper.userLogin     : ==> Parameters: 
2020-04-09 16:14:56.309 DEBUG 10572 --- [http-nio-8083-exec-5] com.item.mapper.UserMapper.userLogin     : <==      Total: 1
2020-04-09 16:15:55.913 DEBUG 10572 --- [http-nio-8083-exec-7] com.item.mapper.UserMapper.userLogin     : ==>  Preparing: select * from user where account='2900798493' and `password` ='lkl00124' 
2020-04-09 16:15:55.913 DEBUG 10572 --- [http-nio-8083-exec-7] com.item.mapper.UserMapper.userLogin     : ==> Parameters: 
2020-04-09 16:15:55.914 DEBUG 10572 --- [http-nio-8083-exec-7] com.item.mapper.UserMapper.userLogin     : <==      Total: 0
2020-04-09 16:15:55.923 ERROR 10572 --- [http-nio-8083-exec-7] o.a.c.c.C.[.[.[/].[dispatcherServlet]    : Servlet.service() for servlet [dispatcherServlet] in context with path [] threw exception [Request processing failed; nested exception is java.lang.NullPointerException] with root cause

java.lang.NullPointerException: null
	at com.item.controller.UserController.userLogin(UserController.java:50) ~[classes/:na]
	at sun.reflect.NativeMethodAccessorImpl.invoke0(Native Method) ~[na:1.8.0_172]
	at sun.reflect.NativeMethodAccessorImpl.invoke(NativeMethodAccessorImpl.java:62) ~[na:1.8.0_172]
	at sun.reflect.DelegatingMethodAccessorImpl.invoke(DelegatingMethodAccessorImpl.java:43) ~[na:1.8.0_172]
	at java.lang.reflect.Method.invoke(Method.java:498) ~[na:1.8.0_172]
	at org.springframework.web.method.support.InvocableHandlerMethod.doInvoke(InvocableHandlerMethod.java:190) ~[spring-web-5.2.4.RELEASE.jar:5.2.4.RELEASE]
	at org.springframework.web.method.support.InvocableHandlerMethod.invokeForRequest(InvocableHandlerMethod.java:138) ~[spring-web-5.2.4.RELEASE.jar:5.2.4.RELEASE]
	at org.springframework.web.servlet.mvc.method.annotation.ServletInvocableHandlerMethod.invokeAndHandle(ServletInvocableHandlerMethod.java:106) ~[spring-webmvc-5.2.4.RELEASE.jar:5.2.4.RELEASE]
	at org.springframework.web.servlet.mvc.method.annotation.RequestMappingHandlerAdapter.invokeHandlerMethod(RequestMappingHandlerAdapter.java:879) ~[spring-webmvc-5.2.4.RELEASE.jar:5.2.4.RELEASE]
	at org.springframework.web.servlet.mvc.method.annotation.RequestMappingHandlerAdapter.handleInternal(RequestMappingHandlerAdapter.java:793) ~[spring-webmvc-5.2.4.RELEASE.jar:5.2.4.RELEASE]
	at org.springframework.web.servlet.mvc.method.AbstractHandlerMethodAdapter.handle(AbstractHandlerMethodAdapter.java:87) ~[spring-webmvc-5.2.4.RELEASE.jar:5.2.4.RELEASE]
	at org.springframework.web.servlet.DispatcherServlet.doDispatch(DispatcherServlet.java:1040) ~[spring-webmvc-5.2.4.RELEASE.jar:5.2.4.RELEASE]
	at org.springframework.web.servlet.DispatcherServlet.doService(DispatcherServlet.java:943) ~[spring-webmvc-5.2.4.RELEASE.jar:5.2.4.RELEASE]
	at org.springframework.web.servlet.FrameworkServlet.processRequest(FrameworkServlet.java:1006) ~[spring-webmvc-5.2.4.RELEASE.jar:5.2.4.RELEASE]
	at org.springframework.web.servlet.FrameworkServlet.doPost(FrameworkServlet.java:909) ~[spring-webmvc-5.2.4.RELEASE.jar:5.2.4.RELEASE]
	at javax.servlet.http.HttpServlet.service(HttpServlet.java:660) ~[tomcat-embed-core-9.0.31.jar:9.0.31]
	at org.springframework.web.servlet.FrameworkServlet.service(FrameworkServlet.java:883) ~[spring-webmvc-5.2.4.RELEASE.jar:5.2.4.RELEASE]
	at javax.servlet.http.HttpServlet.service(HttpServlet.java:741) ~[tomcat-embed-core-9.0.31.jar:9.0.31]
	at org.apache.catalina.core.ApplicationFilterChain.internalDoFilter(ApplicationFilterChain.java:231) ~[tomcat-embed-core-9.0.31.jar:9.0.31]
	at org.apache.catalina.core.ApplicationFilterChain.doFilter(ApplicationFilterChain.java:166) ~[tomcat-embed-core-9.0.31.jar:9.0.31]
	at org.apache.tomcat.websocket.server.WsFilter.doFilter(WsFilter.java:53) ~[tomcat-embed-websocket-9.0.31.jar:9.0.31]
	at org.apache.catalina.core.ApplicationFilterChain.internalDoFilter(ApplicationFilterChain.java:193) ~[tomcat-embed-core-9.0.31.jar:9.0.31]
	at org.apache.catalina.core.ApplicationFilterChain.doFilter(ApplicationFilterChain.java:166) ~[tomcat-embed-core-9.0.31.jar:9.0.31]
	at org.springframework.web.filter.RequestContextFilter.doFilterInternal(RequestContextFilter.java:100) ~[spring-web-5.2.4.RELEASE.jar:5.2.4.RELEASE]
	at org.springframework.web.filter.OncePerRequestFilter.doFilter(OncePerRequestFilter.java:119) ~[spring-web-5.2.4.RELEASE.jar:5.2.4.RELEASE]
	at org.apache.catalina.core.ApplicationFilterChain.internalDoFilter(ApplicationFilterChain.java:193) ~[tomcat-embed-core-9.0.31.jar:9.0.31]
	at org.apache.catalina.core.ApplicationFilterChain.doFilter(ApplicationFilterChain.java:166) ~[tomcat-embed-core-9.0.31.jar:9.0.31]
	at org.springframework.web.filter.FormContentFilter.doFilterInternal(FormContentFilter.java:93) ~[spring-web-5.2.4.RELEASE.jar:5.2.4.RELEASE]
	at org.springframework.web.filter.OncePerRequestFilter.doFilter(OncePerRequestFilter.java:119) ~[spring-web-5.2.4.RELEASE.jar:5.2.4.RELEASE]
	at org.apache.catalina.core.ApplicationFilterChain.internalDoFilter(ApplicationFilterChain.java:193) ~[tomcat-embed-core-9.0.31.jar:9.0.31]
	at org.apache.catalina.core.ApplicationFilterChain.doFilter(ApplicationFilterChain.java:166) ~[tomcat-embed-core-9.0.31.jar:9.0.31]
	at org.springframework.session.web.http.SessionRepositoryFilter.doFilterInternal(SessionRepositoryFilter.java:141) ~[spring-session-core-2.2.1.RELEASE.jar:2.2.1.RELEASE]
	at org.springframework.session.web.http.OncePerRequestFilter.doFilter(OncePerRequestFilter.java:82) ~[spring-session-core-2.2.1.RELEASE.jar:2.2.1.RELEASE]
	at org.apache.catalina.core.ApplicationFilterChain.internalDoFilter(ApplicationFilterChain.java:193) ~[tomcat-embed-core-9.0.31.jar:9.0.31]
	at org.apache.catalina.core.ApplicationFilterChain.doFilter(ApplicationFilterChain.java:166) ~[tomcat-embed-core-9.0.31.jar:9.0.31]
	at org.springframework.web.filter.CharacterEncodingFilter.doFilterInternal(CharacterEncodingFilter.java:201) ~[spring-web-5.2.4.RELEASE.jar:5.2.4.RELEASE]
	at org.springframework.web.filter.OncePerRequestFilter.doFilter(OncePerRequestFilter.java:119) ~[spring-web-5.2.4.RELEASE.jar:5.2.4.RELEASE]
	at org.apache.catalina.core.ApplicationFilterChain.internalDoFilter(ApplicationFilterChain.java:193) ~[tomcat-embed-core-9.0.31.jar:9.0.31]
	at org.apache.catalina.core.ApplicationFilterChain.doFilter(ApplicationFilterChain.java:166) ~[tomcat-embed-core-9.0.31.jar:9.0.31]
	at org.apache.catalina.core.StandardWrapperValve.invoke(StandardWrapperValve.java:202) ~[tomcat-embed-core-9.0.31.jar:9.0.31]
	at org.apache.catalina.core.StandardContextValve.invoke(StandardContextValve.java:96) [tomcat-embed-core-9.0.31.jar:9.0.31]
	at org.apache.catalina.authenticator.AuthenticatorBase.invoke(AuthenticatorBase.java:541) [tomcat-embed-core-9.0.31.jar:9.0.31]
	at org.apache.catalina.core.StandardHostValve.invoke(StandardHostValve.java:139) [tomcat-embed-core-9.0.31.jar:9.0.31]
	at org.apache.catalina.valves.ErrorReportValve.invoke(ErrorReportValve.java:92) [tomcat-embed-core-9.0.31.jar:9.0.31]
	at org.apache.catalina.core.StandardEngineValve.invoke(StandardEngineValve.java:74) [tomcat-embed-core-9.0.31.jar:9.0.31]
	at org.apache.catalina.connector.CoyoteAdapter.service(CoyoteAdapter.java:343) [tomcat-embed-core-9.0.31.jar:9.0.31]
	at org.apache.coyote.http11.Http11Processor.service(Http11Processor.java:367) [tomcat-embed-core-9.0.31.jar:9.0.31]
	at org.apache.coyote.AbstractProcessorLight.process(AbstractProcessorLight.java:65) [tomcat-embed-core-9.0.31.jar:9.0.31]
	at org.apache.coyote.AbstractProtocol$ConnectionHandler.process(AbstractProtocol.java:868) [tomcat-embed-core-9.0.31.jar:9.0.31]
	at org.apache.tomcat.util.net.NioEndpoint$SocketProcessor.doRun(NioEndpoint.java:1639) [tomcat-embed-core-9.0.31.jar:9.0.31]
	at org.apache.tomcat.util.net.SocketProcessorBase.run(SocketProcessorBase.java:49) [tomcat-embed-core-9.0.31.jar:9.0.31]
	at java.util.concurrent.ThreadPoolExecutor.runWorker(ThreadPoolExecutor.java:1149) [na:1.8.0_172]
	at java.util.concurrent.ThreadPoolExecutor$Worker.run(ThreadPoolExecutor.java:624) [na:1.8.0_172]
	at org.apache.tomcat.util.threads.TaskThread$WrappingRunnable.run(TaskThread.java:61) [tomcat-embed-core-9.0.31.jar:9.0.31]
	at java.lang.Thread.run(Thread.java:748) [na:1.8.0_172]

2020-04-09 16:16:57.775 DEBUG 10572 --- [http-nio-8083-exec-8] com.item.mapper.UserMapper.userLogin     : ==>  Preparing: select * from user where account='2900798493' and `password` ='lkl011124' 
2020-04-09 16:16:57.775 DEBUG 10572 --- [http-nio-8083-exec-8] com.item.mapper.UserMapper.userLogin     : ==> Parameters: 
2020-04-09 16:16:57.776 DEBUG 10572 --- [http-nio-8083-exec-8] com.item.mapper.UserMapper.userLogin     : <==      Total: 1
2020-04-09 16:18:18.133  INFO 10572 --- [AsyncResolver-bootstrap-executor-0] c.n.d.s.r.aws.ConfigClusterResolver      : Resolving eureka endpoints via configuration
2020-04-09 16:18:26.474 DEBUG 10572 --- [http-nio-8083-exec-10] com.item.mapper.UserMapper.userLogin     : ==>  Preparing: select * from user where account='2900798493' and `password` ='lkl011124' 
2020-04-09 16:18:26.474 DEBUG 10572 --- [http-nio-8083-exec-10] com.item.mapper.UserMapper.userLogin     : ==> Parameters: 
2020-04-09 16:18:26.475 DEBUG 10572 --- [http-nio-8083-exec-10] com.item.mapper.UserMapper.userLogin     : <==      Total: 1
2020-04-09 16:20:11.333 DEBUG 10572 --- [http-nio-8083-exec-1] com.item.mapper.UserMapper.userLogin     : ==>  Preparing: select * from user where account='2900798493' and `password` ='lkl011124' 
2020-04-09 16:20:11.333 DEBUG 10572 --- [http-nio-8083-exec-1] com.item.mapper.UserMapper.userLogin     : ==> Parameters: 
2020-04-09 16:20:11.334 DEBUG 10572 --- [http-nio-8083-exec-1] com.item.mapper.UserMapper.userLogin     : <==      Total: 1
2020-04-09 16:23:18.133  INFO 10572 --- [AsyncResolver-bootstrap-executor-0] c.n.d.s.r.aws.ConfigClusterResolver      : Resolving eureka endpoints via configuration
2020-04-09 16:27:27.362 DEBUG 10572 --- [http-nio-8083-exec-3] com.item.mapper.UserMapper.userLogin     : ==>  Preparing: select * from user where account='2900798493' and `password` ='lkl011124' 
2020-04-09 16:27:27.362 DEBUG 10572 --- [http-nio-8083-exec-3] com.item.mapper.UserMapper.userLogin     : ==> Parameters: 
2020-04-09 16:27:27.363 DEBUG 10572 --- [http-nio-8083-exec-3] com.item.mapper.UserMapper.userLogin     : <==      Total: 1
2020-04-09 16:28:18.135  INFO 10572 --- [AsyncResolver-bootstrap-executor-0] c.n.d.s.r.aws.ConfigClusterResolver      : Resolving eureka endpoints via configuration
2020-04-09 16:28:18.546 DEBUG 10572 --- [http-nio-8083-exec-5] com.item.mapper.UserMapper.userLogin     : ==>  Preparing: select * from user where account='2900798493' and `password` ='lkl011124' 
2020-04-09 16:28:18.546 DEBUG 10572 --- [http-nio-8083-exec-5] com.item.mapper.UserMapper.userLogin     : ==> Parameters: 
2020-04-09 16:28:18.547 DEBUG 10572 --- [http-nio-8083-exec-5] com.item.mapper.UserMapper.userLogin     : <==      Total: 1
2020-04-09 16:28:51.950 DEBUG 10572 --- [http-nio-8083-exec-7] com.item.mapper.UserMapper.userLogin     : ==>  Preparing: select * from user where account='2900798493' and `password` ='lkl011124' 
2020-04-09 16:28:51.950 DEBUG 10572 --- [http-nio-8083-exec-7] com.item.mapper.UserMapper.userLogin     : ==> Parameters: 
2020-04-09 16:28:51.951 DEBUG 10572 --- [http-nio-8083-exec-7] com.item.mapper.UserMapper.userLogin     : <==      Total: 1
2020-04-09 16:32:40.798 DEBUG 10572 --- [http-nio-8083-exec-9] com.item.mapper.UserMapper.userLogin     : ==>  Preparing: select * from user where account='2900798493' and `password` ='lkl011124' 
2020-04-09 16:32:40.798 DEBUG 10572 --- [http-nio-8083-exec-9] com.item.mapper.UserMapper.userLogin     : ==> Parameters: 
2020-04-09 16:32:40.799 DEBUG 10572 --- [http-nio-8083-exec-9] com.item.mapper.UserMapper.userLogin     : <==      Total: 1
2020-04-09 16:33:18.135  INFO 10572 --- [AsyncResolver-bootstrap-executor-0] c.n.d.s.r.aws.ConfigClusterResolver      : Resolving eureka endpoints via configuration
2020-04-09 16:37:51.818 DEBUG 10572 --- [http-nio-8083-exec-1] com.item.mapper.UserMapper.userLogin     : ==>  Preparing: select * from user where account='2900798493' and `password` ='lkl011124' 
2020-04-09 16:37:51.819 DEBUG 10572 --- [http-nio-8083-exec-1] com.item.mapper.UserMapper.userLogin     : ==> Parameters: 
2020-04-09 16:37:51.820 DEBUG 10572 --- [http-nio-8083-exec-1] com.item.mapper.UserMapper.userLogin     : <==      Total: 1
2020-04-09 16:38:13.519 DEBUG 10572 --- [http-nio-8083-exec-2] com.item.mapper.UserMapper.userLogin     : ==>  Preparing: select * from user where account='2900798493' and `password` ='lkl011124' 
2020-04-09 16:38:13.520 DEBUG 10572 --- [http-nio-8083-exec-2] com.item.mapper.UserMapper.userLogin     : ==> Parameters: 
2020-04-09 16:38:13.521 DEBUG 10572 --- [http-nio-8083-exec-2] com.item.mapper.UserMapper.userLogin     : <==      Total: 1
2020-04-09 16:38:18.136  INFO 10572 --- [AsyncResolver-bootstrap-executor-0] c.n.d.s.r.aws.ConfigClusterResolver      : Resolving eureka endpoints via configuration
2020-04-09 16:43:18.138  INFO 10572 --- [AsyncResolver-bootstrap-executor-0] c.n.d.s.r.aws.ConfigClusterResolver      : Resolving eureka endpoints via configuration
2020-04-09 16:47:24.309 DEBUG 10572 --- [http-nio-8083-exec-4] com.item.mapper.UserMapper.userLogin     : ==>  Preparing: select * from user where account='2900798493' and `password` ='lkk011124' 
2020-04-09 16:47:24.309 DEBUG 10572 --- [http-nio-8083-exec-4] com.item.mapper.UserMapper.userLogin     : ==> Parameters: 
2020-04-09 16:47:24.310 DEBUG 10572 --- [http-nio-8083-exec-4] com.item.mapper.UserMapper.userLogin     : <==      Total: 0
2020-04-09 16:47:24.311 ERROR 10572 --- [http-nio-8083-exec-4] o.a.c.c.C.[.[.[/].[dispatcherServlet]    : Servlet.service() for servlet [dispatcherServlet] in context with path [] threw exception [Request processing failed; nested exception is java.lang.NullPointerException] with root cause

java.lang.NullPointerException: null
	at com.item.controller.UserController.userLogin(UserController.java:50) ~[classes/:na]
	at sun.reflect.NativeMethodAccessorImpl.invoke0(Native Method) ~[na:1.8.0_172]
	at sun.reflect.NativeMethodAccessorImpl.invoke(NativeMethodAccessorImpl.java:62) ~[na:1.8.0_172]
	at sun.reflect.DelegatingMethodAccessorImpl.invoke(DelegatingMethodAccessorImpl.java:43) ~[na:1.8.0_172]
	at java.lang.reflect.Method.invoke(Method.java:498) ~[na:1.8.0_172]
	at org.springframework.web.method.support.InvocableHandlerMethod.doInvoke(InvocableHandlerMethod.java:190) ~[spring-web-5.2.4.RELEASE.jar:5.2.4.RELEASE]
	at org.springframework.web.method.support.InvocableHandlerMethod.invokeForRequest(InvocableHandlerMethod.java:138) ~[spring-web-5.2.4.RELEASE.jar:5.2.4.RELEASE]
	at org.springframework.web.servlet.mvc.method.annotation.ServletInvocableHandlerMethod.invokeAndHandle(ServletInvocableHandlerMethod.java:106) ~[spring-webmvc-5.2.4.RELEASE.jar:5.2.4.RELEASE]
	at org.springframework.web.servlet.mvc.method.annotation.RequestMappingHandlerAdapter.invokeHandlerMethod(RequestMappingHandlerAdapter.java:879) ~[spring-webmvc-5.2.4.RELEASE.jar:5.2.4.RELEASE]
	at org.springframework.web.servlet.mvc.method.annotation.RequestMappingHandlerAdapter.handleInternal(RequestMappingHandlerAdapter.java:793) ~[spring-webmvc-5.2.4.RELEASE.jar:5.2.4.RELEASE]
	at org.springframework.web.servlet.mvc.method.AbstractHandlerMethodAdapter.handle(AbstractHandlerMethodAdapter.java:87) ~[spring-webmvc-5.2.4.RELEASE.jar:5.2.4.RELEASE]
	at org.springframework.web.servlet.DispatcherServlet.doDispatch(DispatcherServlet.java:1040) ~[spring-webmvc-5.2.4.RELEASE.jar:5.2.4.RELEASE]
	at org.springframework.web.servlet.DispatcherServlet.doService(DispatcherServlet.java:943) ~[spring-webmvc-5.2.4.RELEASE.jar:5.2.4.RELEASE]
	at org.springframework.web.servlet.FrameworkServlet.processRequest(FrameworkServlet.java:1006) ~[spring-webmvc-5.2.4.RELEASE.jar:5.2.4.RELEASE]
	at org.springframework.web.servlet.FrameworkServlet.doPost(FrameworkServlet.java:909) ~[spring-webmvc-5.2.4.RELEASE.jar:5.2.4.RELEASE]
	at javax.servlet.http.HttpServlet.service(HttpServlet.java:660) ~[tomcat-embed-core-9.0.31.jar:9.0.31]
	at org.springframework.web.servlet.FrameworkServlet.service(FrameworkServlet.java:883) ~[spring-webmvc-5.2.4.RELEASE.jar:5.2.4.RELEASE]
	at javax.servlet.http.HttpServlet.service(HttpServlet.java:741) ~[tomcat-embed-core-9.0.31.jar:9.0.31]
	at org.apache.catalina.core.ApplicationFilterChain.internalDoFilter(ApplicationFilterChain.java:231) ~[tomcat-embed-core-9.0.31.jar:9.0.31]
	at org.apache.catalina.core.ApplicationFilterChain.doFilter(ApplicationFilterChain.java:166) ~[tomcat-embed-core-9.0.31.jar:9.0.31]
	at org.apache.tomcat.websocket.server.WsFilter.doFilter(WsFilter.java:53) ~[tomcat-embed-websocket-9.0.31.jar:9.0.31]
	at org.apache.catalina.core.ApplicationFilterChain.internalDoFilter(ApplicationFilterChain.java:193) ~[tomcat-embed-core-9.0.31.jar:9.0.31]
	at org.apache.catalina.core.ApplicationFilterChain.doFilter(ApplicationFilterChain.java:166) ~[tomcat-embed-core-9.0.31.jar:9.0.31]
	at org.springframework.web.filter.RequestContextFilter.doFilterInternal(RequestContextFilter.java:100) ~[spring-web-5.2.4.RELEASE.jar:5.2.4.RELEASE]
	at org.springframework.web.filter.OncePerRequestFilter.doFilter(OncePerRequestFilter.java:119) ~[spring-web-5.2.4.RELEASE.jar:5.2.4.RELEASE]
	at org.apache.catalina.core.ApplicationFilterChain.internalDoFilter(ApplicationFilterChain.java:193) ~[tomcat-embed-core-9.0.31.jar:9.0.31]
	at org.apache.catalina.core.ApplicationFilterChain.doFilter(ApplicationFilterChain.java:166) ~[tomcat-embed-core-9.0.31.jar:9.0.31]
	at org.springframework.web.filter.FormContentFilter.doFilterInternal(FormContentFilter.java:93) ~[spring-web-5.2.4.RELEASE.jar:5.2.4.RELEASE]
	at org.springframework.web.filter.OncePerRequestFilter.doFilter(OncePerRequestFilter.java:119) ~[spring-web-5.2.4.RELEASE.jar:5.2.4.RELEASE]
	at org.apache.catalina.core.ApplicationFilterChain.internalDoFilter(ApplicationFilterChain.java:193) ~[tomcat-embed-core-9.0.31.jar:9.0.31]
	at org.apache.catalina.core.ApplicationFilterChain.doFilter(ApplicationFilterChain.java:166) ~[tomcat-embed-core-9.0.31.jar:9.0.31]
	at org.springframework.session.web.http.SessionRepositoryFilter.doFilterInternal(SessionRepositoryFilter.java:141) ~[spring-session-core-2.2.1.RELEASE.jar:2.2.1.RELEASE]
	at org.springframework.session.web.http.OncePerRequestFilter.doFilter(OncePerRequestFilter.java:82) ~[spring-session-core-2.2.1.RELEASE.jar:2.2.1.RELEASE]
	at org.apache.catalina.core.ApplicationFilterChain.internalDoFilter(ApplicationFilterChain.java:193) ~[tomcat-embed-core-9.0.31.jar:9.0.31]
	at org.apache.catalina.core.ApplicationFilterChain.doFilter(ApplicationFilterChain.java:166) ~[tomcat-embed-core-9.0.31.jar:9.0.31]
	at org.springframework.web.filter.CharacterEncodingFilter.doFilterInternal(CharacterEncodingFilter.java:201) ~[spring-web-5.2.4.RELEASE.jar:5.2.4.RELEASE]
	at org.springframework.web.filter.OncePerRequestFilter.doFilter(OncePerRequestFilter.java:119) ~[spring-web-5.2.4.RELEASE.jar:5.2.4.RELEASE]
	at org.apache.catalina.core.ApplicationFilterChain.internalDoFilter(ApplicationFilterChain.java:193) ~[tomcat-embed-core-9.0.31.jar:9.0.31]
	at org.apache.catalina.core.ApplicationFilterChain.doFilter(ApplicationFilterChain.java:166) ~[tomcat-embed-core-9.0.31.jar:9.0.31]
	at org.apache.catalina.core.StandardWrapperValve.invoke(StandardWrapperValve.java:202) ~[tomcat-embed-core-9.0.31.jar:9.0.31]
	at org.apache.catalina.core.StandardContextValve.invoke(StandardContextValve.java:96) [tomcat-embed-core-9.0.31.jar:9.0.31]
	at org.apache.catalina.authenticator.AuthenticatorBase.invoke(AuthenticatorBase.java:541) [tomcat-embed-core-9.0.31.jar:9.0.31]
	at org.apache.catalina.core.StandardHostValve.invoke(StandardHostValve.java:139) [tomcat-embed-core-9.0.31.jar:9.0.31]
	at org.apache.catalina.valves.ErrorReportValve.invoke(ErrorReportValve.java:92) [tomcat-embed-core-9.0.31.jar:9.0.31]
	at org.apache.catalina.core.StandardEngineValve.invoke(StandardEngineValve.java:74) [tomcat-embed-core-9.0.31.jar:9.0.31]
	at org.apache.catalina.connector.CoyoteAdapter.service(CoyoteAdapter.java:343) [tomcat-embed-core-9.0.31.jar:9.0.31]
	at org.apache.coyote.http11.Http11Processor.service(Http11Processor.java:367) [tomcat-embed-core-9.0.31.jar:9.0.31]
	at org.apache.coyote.AbstractProcessorLight.process(AbstractProcessorLight.java:65) [tomcat-embed-core-9.0.31.jar:9.0.31]
	at org.apache.coyote.AbstractProtocol$ConnectionHandler.process(AbstractProtocol.java:868) [tomcat-embed-core-9.0.31.jar:9.0.31]
	at org.apache.tomcat.util.net.NioEndpoint$SocketProcessor.doRun(NioEndpoint.java:1639) [tomcat-embed-core-9.0.31.jar:9.0.31]
	at org.apache.tomcat.util.net.SocketProcessorBase.run(SocketProcessorBase.java:49) [tomcat-embed-core-9.0.31.jar:9.0.31]
	at java.util.concurrent.ThreadPoolExecutor.runWorker(ThreadPoolExecutor.java:1149) [na:1.8.0_172]
	at java.util.concurrent.ThreadPoolExecutor$Worker.run(ThreadPoolExecutor.java:624) [na:1.8.0_172]
	at org.apache.tomcat.util.threads.TaskThread$WrappingRunnable.run(TaskThread.java:61) [tomcat-embed-core-9.0.31.jar:9.0.31]
	at java.lang.Thread.run(Thread.java:748) [na:1.8.0_172]

2020-04-09 16:47:37.834 DEBUG 10572 --- [http-nio-8083-exec-5] com.item.mapper.UserMapper.userLogin     : ==>  Preparing: select * from user where account='2900798493' and `password` ='lkl011124' 
2020-04-09 16:47:37.835 DEBUG 10572 --- [http-nio-8083-exec-5] com.item.mapper.UserMapper.userLogin     : ==> Parameters: 
2020-04-09 16:47:37.836 DEBUG 10572 --- [http-nio-8083-exec-5] com.item.mapper.UserMapper.userLogin     : <==      Total: 1
2020-04-09 16:48:18.140  INFO 10572 --- [AsyncResolver-bootstrap-executor-0] c.n.d.s.r.aws.ConfigClusterResolver      : Resolving eureka endpoints via configuration
2020-04-09 16:53:18.142  INFO 10572 --- [AsyncResolver-bootstrap-executor-0] c.n.d.s.r.aws.ConfigClusterResolver      : Resolving eureka endpoints via configuration
2020-04-09 17:02:13.010  INFO 7560 --- [main] com.item.WebsocketApplication            : No active profile set, falling back to default profiles: default
2020-04-09 17:02:14.354  WARN 7560 --- [main] o.s.boot.actuate.endpoint.EndpointId     : Endpoint ID 'service-registry' contains invalid characters, please migrate to a valid format.
2020-04-09 17:02:14.560  INFO 7560 --- [main] o.s.cloud.context.scope.GenericScope     : BeanFactory id=c88206e5-de07-36b8-8956-dda899f09af7
2020-04-09 17:02:14.973  INFO 7560 --- [main] o.s.b.w.embedded.tomcat.TomcatWebServer  : Tomcat initialized with port(s): 8090 (http)
2020-04-09 17:02:14.984  INFO 7560 --- [main] o.apache.catalina.core.StandardService   : Starting service [Tomcat]
2020-04-09 17:02:14.984  INFO 7560 --- [main] org.apache.catalina.core.StandardEngine  : Starting Servlet engine: [Apache Tomcat/9.0.33]
2020-04-09 17:02:15.150  INFO 7560 --- [main] o.a.c.c.C.[Tomcat].[localhost].[/]       : Initializing Spring embedded WebApplicationContext
2020-04-09 17:02:15.151  INFO 7560 --- [main] o.s.web.context.ContextLoader            : Root WebApplicationContext: initialization completed in 2093 ms
2020-04-09 17:02:15.275  WARN 7560 --- [main] c.n.c.sources.URLConfigurationSource     : No URLs will be polled as dynamic configuration sources.
2020-04-09 17:02:15.276  INFO 7560 --- [main] c.n.c.sources.URLConfigurationSource     : To enable URLs as dynamic configuration sources, define System property archaius.configurationSource.additionalUrls or make config.properties available on classpath.
2020-04-09 17:02:15.326  INFO 7560 --- [main] c.netflix.config.DynamicPropertyFactory  : DynamicPropertyFactory is initialized with configuration sources: com.netflix.config.ConcurrentCompositeConfiguration@37af1f93
2020-04-09 17:02:19.086  INFO 7560 --- [main] o.s.cloud.commons.util.InetUtils         : Cannot determine local hostname
2020-04-09 17:02:19.338  INFO 7560 --- [main] o.s.s.c.ThreadPoolTaskScheduler          : Initializing ExecutorService 'taskScheduler'
2020-04-09 17:02:19.361  WARN 7560 --- [main] c.n.c.sources.URLConfigurationSource     : No URLs will be polled as dynamic configuration sources.
2020-04-09 17:02:19.361  INFO 7560 --- [main] c.n.c.sources.URLConfigurationSource     : To enable URLs as dynamic configuration sources, define System property archaius.configurationSource.additionalUrls or make config.properties available on classpath.
2020-04-09 17:02:19.585  INFO 7560 --- [main] o.s.s.concurrent.ThreadPoolTaskExecutor  : Initializing ExecutorService 'applicationTaskExecutor'
2020-04-09 17:02:21.967  INFO 7560 --- [main] o.s.cloud.commons.util.InetUtils         : Cannot determine local hostname
2020-04-09 17:02:21.994  WARN 7560 --- [main] ockingLoadBalancerClientRibbonWarnLogger : You already have RibbonLoadBalancerClient on your classpath. It will be used by default. As Spring Cloud Ribbon is in maintenance mode. We recommend switching to BlockingLoadBalancerClient instead. In order to use it, set the value of `spring.cloud.loadbalancer.ribbon.enabled` to `false` or remove spring-cloud-starter-netflix-ribbon from your project.
2020-04-09 17:02:22.025  INFO 7560 --- [main] o.s.b.a.e.web.EndpointLinksResolver      : Exposing 2 endpoint(s) beneath base path '/actuator'
2020-04-09 17:02:22.091  INFO 7560 --- [main] o.s.c.n.eureka.InstanceInfoFactory       : Setting initial instance status as: STARTING
2020-04-09 17:02:22.121  INFO 7560 --- [main] com.netflix.discovery.DiscoveryClient    : Initializing Eureka in region us-east-1
2020-04-09 17:02:22.692  INFO 7560 --- [main] c.n.d.provider.DiscoveryJerseyProvider   : Using JSON encoding codec LegacyJacksonJson
2020-04-09 17:02:22.692  INFO 7560 --- [main] c.n.d.provider.DiscoveryJerseyProvider   : Using JSON decoding codec LegacyJacksonJson
2020-04-09 17:02:22.782  INFO 7560 --- [main] c.n.d.provider.DiscoveryJerseyProvider   : Using XML encoding codec XStreamXml
2020-04-09 17:02:22.782  INFO 7560 --- [main] c.n.d.provider.DiscoveryJerseyProvider   : Using XML decoding codec XStreamXml
2020-04-09 17:02:22.919  INFO 7560 --- [main] c.n.d.s.r.aws.ConfigClusterResolver      : Resolving eureka endpoints via configuration
2020-04-09 17:02:22.930  INFO 2032 --- [main] com.item.WebsocketserviceApplication     : No active profile set, falling back to default profiles: default
2020-04-09 17:02:23.388  INFO 7560 --- [main] com.netflix.discovery.DiscoveryClient    : Disable delta property : false
2020-04-09 17:02:23.388  INFO 7560 --- [main] com.netflix.discovery.DiscoveryClient    : Single vip registry refresh property : null
2020-04-09 17:02:23.388  INFO 7560 --- [main] com.netflix.discovery.DiscoveryClient    : Force full registry fetch : false
2020-04-09 17:02:23.388  INFO 7560 --- [main] com.netflix.discovery.DiscoveryClient    : Application is null : false
2020-04-09 17:02:23.388  INFO 7560 --- [main] com.netflix.discovery.DiscoveryClient    : Registered Applications size is zero : true
2020-04-09 17:02:23.388  INFO 7560 --- [main] com.netflix.discovery.DiscoveryClient    : Application version is -1: true
2020-04-09 17:02:23.388  INFO 7560 --- [main] com.netflix.discovery.DiscoveryClient    : Getting all instance registry info from the eureka server
2020-04-09 17:02:23.469  INFO 2032 --- [main] .s.d.r.c.RepositoryConfigurationDelegate : Multiple Spring Data modules found, entering strict repository configuration mode!
2020-04-09 17:02:23.471  INFO 2032 --- [main] .s.d.r.c.RepositoryConfigurationDelegate : Bootstrapping Spring Data Redis repositories in DEFAULT mode.
2020-04-09 17:02:23.498  INFO 2032 --- [main] .s.d.r.c.RepositoryConfigurationDelegate : Finished Spring Data repository scanning in 14ms. Found 0 Redis repository interfaces.
2020-04-09 17:02:23.564  INFO 7560 --- [main] com.netflix.discovery.DiscoveryClient    : The response status is 200
2020-04-09 17:02:23.566  INFO 7560 --- [main] com.netflix.discovery.DiscoveryClient    : Starting heartbeat executor: renew interval is: 30
2020-04-09 17:02:23.568  INFO 7560 --- [main] c.n.discovery.InstanceInfoReplicator     : InstanceInfoReplicator onDemand update allowed rate per min is 4
2020-04-09 17:02:23.572  INFO 7560 --- [main] com.netflix.discovery.DiscoveryClient    : Discovery Client initialized at timestamp 1586422943570 with initial instances count: 0
2020-04-09 17:02:23.573  INFO 7560 --- [main] o.s.c.n.e.s.EurekaServiceRegistry        : Registering application WEBSOCKET with eureka with status UP
2020-04-09 17:02:23.573  INFO 7560 --- [main] com.netflix.discovery.DiscoveryClient    : Saw local status change event StatusChangeEvent [timestamp=1586422943573, current=UP, previous=STARTING]
2020-04-09 17:02:23.575  INFO 7560 --- [DiscoveryClient-InstanceInfoReplicator-0] com.netflix.discovery.DiscoveryClient    : DiscoveryClient_WEBSOCKET/localhost:websocket:8090: registering service...
2020-04-09 17:02:23.634  INFO 7560 --- [main] o.s.b.w.embedded.tomcat.TomcatWebServer  : Tomcat started on port(s): 8090 (http) with context path ''
2020-04-09 17:02:23.635  INFO 7560 --- [main] .s.c.n.e.s.EurekaAutoServiceRegistration : Updating port to 8090
2020-04-09 17:02:23.662  INFO 7560 --- [DiscoveryClient-InstanceInfoReplicator-0] com.netflix.discovery.DiscoveryClient    : DiscoveryClient_WEBSOCKET/localhost:websocket:8090 - registration status: 204
2020-04-09 17:02:23.761  INFO 2032 --- [main] o.s.cloud.context.scope.GenericScope     : BeanFactory id=9ff35bd5-dd10-3efd-99d3-fb9cbf9d4196
2020-04-09 17:02:24.043  INFO 2032 --- [main] o.s.b.w.embedded.tomcat.TomcatWebServer  : Tomcat initialized with port(s): 8083 (http)
2020-04-09 17:02:24.051  INFO 2032 --- [main] o.apache.catalina.core.StandardService   : Starting service [Tomcat]
2020-04-09 17:02:24.051  INFO 2032 --- [main] org.apache.catalina.core.StandardEngine  : Starting Servlet engine: [Apache Tomcat/9.0.31]
2020-04-09 17:02:24.166  INFO 2032 --- [main] o.a.c.c.C.[Tomcat].[localhost].[/]       : Initializing Spring embedded WebApplicationContext
2020-04-09 17:02:24.167  INFO 2032 --- [main] o.s.web.context.ContextLoader            : Root WebApplicationContext: initialization completed in 1221 ms
2020-04-09 17:02:24.627  INFO 2032 --- [main] o.s.s.c.ThreadPoolTaskScheduler          : Initializing ExecutorService 'taskScheduler'
2020-04-09 17:02:24.718  INFO 2032 --- [main] io.lettuce.core.EpollProvider            : Starting without optional epoll library
2020-04-09 17:02:24.719  INFO 2032 --- [main] io.lettuce.core.KqueueProvider           : Starting without optional kqueue library
2020-04-09 17:02:25.317  INFO 7560 --- [main] o.s.cloud.commons.util.InetUtils         : Cannot determine local hostname
2020-04-09 17:02:25.318  INFO 7560 --- [main] com.item.WebsocketApplication            : Started WebsocketApplication in 17.243 seconds (JVM running for 19.306)
2020-04-09 17:02:25.659  WARN 2032 --- [main] c.n.c.sources.URLConfigurationSource     : No URLs will be polled as dynamic configuration sources.
2020-04-09 17:02:25.659  INFO 2032 --- [main] c.n.c.sources.URLConfigurationSource     : To enable URLs as dynamic configuration sources, define System property archaius.configurationSource.additionalUrls or make config.properties available on classpath.
2020-04-09 17:02:25.662  WARN 2032 --- [main] c.n.c.sources.URLConfigurationSource     : No URLs will be polled as dynamic configuration sources.
2020-04-09 17:02:25.662  INFO 2032 --- [main] c.n.c.sources.URLConfigurationSource     : To enable URLs as dynamic configuration sources, define System property archaius.configurationSource.additionalUrls or make config.properties available on classpath.
2020-04-09 17:02:25.786  INFO 2032 --- [main] o.s.s.concurrent.ThreadPoolTaskExecutor  : Initializing ExecutorService 'applicationTaskExecutor'
2020-04-09 17:02:26.308  INFO 7560 --- [RMI TCP Connection(6)-192.168.56.1] o.a.c.c.C.[Tomcat].[localhost].[/]       : Initializing Spring DispatcherServlet 'dispatcherServlet'
2020-04-09 17:02:26.308  INFO 7560 --- [RMI TCP Connection(6)-192.168.56.1] o.s.web.servlet.DispatcherServlet        : Initializing Servlet 'dispatcherServlet'
2020-04-09 17:02:26.315  INFO 7560 --- [RMI TCP Connection(6)-192.168.56.1] o.s.web.servlet.DispatcherServlet        : Completed initialization in 6 ms
2020-04-09 17:02:27.733  INFO 2032 --- [main] o.s.cloud.commons.util.InetUtils         : Cannot determine local hostname
2020-04-09 17:02:29.750  INFO 2032 --- [main] o.s.cloud.commons.util.InetUtils         : Cannot determine local hostname
2020-04-09 17:02:31.958  INFO 2032 --- [main] o.s.cloud.commons.util.InetUtils         : Cannot determine local hostname
2020-04-09 17:02:31.977  WARN 2032 --- [main] ockingLoadBalancerClientRibbonWarnLogger : You already have RibbonLoadBalancerClient on your classpath. It will be used by default. As Spring Cloud Ribbon is in maintenance mode. We recommend switching to BlockingLoadBalancerClient instead. In order to use it, set the value of `spring.cloud.loadbalancer.ribbon.enabled` to `false` or remove spring-cloud-starter-netflix-ribbon from your project.
2020-04-09 17:02:32.051  INFO 2032 --- [main] o.s.c.n.eureka.InstanceInfoFactory       : Setting initial instance status as: STARTING
2020-04-09 17:02:32.083  INFO 2032 --- [main] com.netflix.discovery.DiscoveryClient    : Initializing Eureka in region us-east-1
2020-04-09 17:02:32.795  INFO 2032 --- [main] c.n.d.provider.DiscoveryJerseyProvider   : Using JSON encoding codec LegacyJacksonJson
2020-04-09 17:02:32.795  INFO 2032 --- [main] c.n.d.provider.DiscoveryJerseyProvider   : Using JSON decoding codec LegacyJacksonJson
2020-04-09 17:02:32.889  INFO 2032 --- [main] c.n.d.provider.DiscoveryJerseyProvider   : Using XML encoding codec XStreamXml
2020-04-09 17:02:32.889  INFO 2032 --- [main] c.n.d.provider.DiscoveryJerseyProvider   : Using XML decoding codec XStreamXml
2020-04-09 17:02:33.128  INFO 2032 --- [main] c.n.d.s.r.aws.ConfigClusterResolver      : Resolving eureka endpoints via configuration
2020-04-09 17:02:33.640  INFO 2032 --- [main] com.netflix.discovery.DiscoveryClient    : Disable delta property : false
2020-04-09 17:02:33.640  INFO 2032 --- [main] com.netflix.discovery.DiscoveryClient    : Single vip registry refresh property : null
2020-04-09 17:02:33.640  INFO 2032 --- [main] com.netflix.discovery.DiscoveryClient    : Force full registry fetch : false
2020-04-09 17:02:33.640  INFO 2032 --- [main] com.netflix.discovery.DiscoveryClient    : Application is null : false
2020-04-09 17:02:33.640  INFO 2032 --- [main] com.netflix.discovery.DiscoveryClient    : Registered Applications size is zero : true
2020-04-09 17:02:33.640  INFO 2032 --- [main] com.netflix.discovery.DiscoveryClient    : Application version is -1: true
2020-04-09 17:02:33.640  INFO 2032 --- [main] com.netflix.discovery.DiscoveryClient    : Getting all instance registry info from the eureka server
2020-04-09 17:02:33.748  INFO 2032 --- [main] com.netflix.discovery.DiscoveryClient    : The response status is 200
2020-04-09 17:02:33.749  INFO 2032 --- [main] com.netflix.discovery.DiscoveryClient    : Starting heartbeat executor: renew interval is: 30
2020-04-09 17:02:33.751  INFO 2032 --- [main] c.n.discovery.InstanceInfoReplicator     : InstanceInfoReplicator onDemand update allowed rate per min is 4
2020-04-09 17:02:33.753  INFO 2032 --- [main] com.netflix.discovery.DiscoveryClient    : Discovery Client initialized at timestamp 1586422953752 with initial instances count: 1
2020-04-09 17:02:33.754  INFO 2032 --- [main] o.s.c.n.e.s.EurekaServiceRegistry        : Registering application SERVICE with eureka with status UP
2020-04-09 17:02:33.754  INFO 2032 --- [main] com.netflix.discovery.DiscoveryClient    : Saw local status change event StatusChangeEvent [timestamp=1586422953754, current=UP, previous=STARTING]
2020-04-09 17:02:33.755  INFO 2032 --- [DiscoveryClient-InstanceInfoReplicator-0] com.netflix.discovery.DiscoveryClient    : DiscoveryClient_SERVICE/localhost:SERVICE:8083: registering service...
2020-04-09 17:02:33.788  INFO 2032 --- [DiscoveryClient-InstanceInfoReplicator-0] com.netflix.discovery.DiscoveryClient    : DiscoveryClient_SERVICE/localhost:SERVICE:8083 - registration status: 204
2020-04-09 17:02:34.321  INFO 2032 --- [main] o.s.b.w.embedded.tomcat.TomcatWebServer  : Tomcat started on port(s): 8083 (http) with context path ''
2020-04-09 17:02:34.322  INFO 2032 --- [main] .s.c.n.e.s.EurekaAutoServiceRegistration : Updating port to 8083
2020-04-09 17:02:36.347  INFO 2032 --- [main] o.s.cloud.commons.util.InetUtils         : Cannot determine local hostname
2020-04-09 17:02:36.350  INFO 2032 --- [main] com.item.WebsocketserviceApplication     : Started WebsocketserviceApplication in 18.304 seconds (JVM running for 21.568)
2020-04-09 17:02:53.566  INFO 7560 --- [DiscoveryClient-CacheRefreshExecutor-0] com.netflix.discovery.DiscoveryClient    : Disable delta property : false
2020-04-09 17:02:53.566  INFO 7560 --- [DiscoveryClient-CacheRefreshExecutor-0] com.netflix.discovery.DiscoveryClient    : Single vip registry refresh property : null
2020-04-09 17:02:53.566  INFO 7560 --- [DiscoveryClient-CacheRefreshExecutor-0] com.netflix.discovery.DiscoveryClient    : Force full registry fetch : false
2020-04-09 17:02:53.566  INFO 7560 --- [DiscoveryClient-CacheRefreshExecutor-0] com.netflix.discovery.DiscoveryClient    : Application is null : false
2020-04-09 17:02:53.566  INFO 7560 --- [DiscoveryClient-CacheRefreshExecutor-0] com.netflix.discovery.DiscoveryClient    : Registered Applications size is zero : true
2020-04-09 17:02:53.566  INFO 7560 --- [DiscoveryClient-CacheRefreshExecutor-0] com.netflix.discovery.DiscoveryClient    : Application version is -1: false
2020-04-09 17:02:53.566  INFO 7560 --- [DiscoveryClient-CacheRefreshExecutor-0] com.netflix.discovery.DiscoveryClient    : Getting all instance registry info from the eureka server
2020-04-09 17:02:53.594  INFO 7560 --- [DiscoveryClient-CacheRefreshExecutor-0] com.netflix.discovery.DiscoveryClient    : The response status is 200
2020-04-09 17:04:15.995  INFO 2032 --- [http-nio-8083-exec-1] o.a.c.c.C.[Tomcat].[localhost].[/]       : Initializing Spring DispatcherServlet 'dispatcherServlet'
2020-04-09 17:04:15.996  INFO 2032 --- [http-nio-8083-exec-1] o.s.web.servlet.DispatcherServlet        : Initializing Servlet 'dispatcherServlet'
2020-04-09 17:04:16.001  INFO 2032 --- [http-nio-8083-exec-1] o.s.web.servlet.DispatcherServlet        : Completed initialization in 5 ms
2020-04-09 17:04:16.064  INFO 2032 --- [http-nio-8083-exec-1] com.zaxxer.hikari.HikariDataSource       : HikariPool-1 - Starting...
2020-04-09 17:04:16.064  WARN 2032 --- [http-nio-8083-exec-1] com.zaxxer.hikari.util.DriverDataSource  : Registered driver with driverClassName=com.mysql.jdbc.Driver was not found, trying direct instantiation.
2020-04-09 17:04:16.311  INFO 2032 --- [http-nio-8083-exec-1] com.zaxxer.hikari.HikariDataSource       : HikariPool-1 - Start completed.
2020-04-09 17:04:16.317 DEBUG 2032 --- [http-nio-8083-exec-1] com.item.mapper.UserMapper.userLogin     : ==>  Preparing: select * from user where account='2900798493' and `password` ='lkl011124' 
2020-04-09 17:04:16.333 DEBUG 2032 --- [http-nio-8083-exec-1] com.item.mapper.UserMapper.userLogin     : ==> Parameters: 
2020-04-09 17:04:16.349 DEBUG 2032 --- [http-nio-8083-exec-1] com.item.mapper.UserMapper.userLogin     : <==      Total: 1
2020-04-09 17:04:59.896 DEBUG 2032 --- [http-nio-8083-exec-3] com.item.mapper.UserMapper.userLogin     : ==>  Preparing: select * from user where account='2900798493' and `password` ='lkl011124' 
2020-04-09 17:04:59.897 DEBUG 2032 --- [http-nio-8083-exec-3] com.item.mapper.UserMapper.userLogin     : ==> Parameters: 
2020-04-09 17:04:59.897 DEBUG 2032 --- [http-nio-8083-exec-3] com.item.mapper.UserMapper.userLogin     : <==      Total: 1
2020-04-09 17:05:00.265 ERROR 7560 --- [http-nio-8090-exec-1] o.a.t.websocket.pojo.PojoEndpointBase    : No error handling configured for [com.item.configure.WebSocket] and the following error occurred

java.lang.NullPointerException: null
	at java.util.concurrent.ConcurrentHashMap.putVal(ConcurrentHashMap.java:1011) ~[na:1.8.0_172]
	at java.util.concurrent.ConcurrentHashMap.put(ConcurrentHashMap.java:1006) ~[na:1.8.0_172]
	at com.item.configure.WebSocket.OnOpen(WebSocket.java:45) ~[classes/:na]
	at sun.reflect.NativeMethodAccessorImpl.invoke0(Native Method) ~[na:1.8.0_172]
	at sun.reflect.NativeMethodAccessorImpl.invoke(NativeMethodAccessorImpl.java:62) ~[na:1.8.0_172]
	at sun.reflect.DelegatingMethodAccessorImpl.invoke(DelegatingMethodAccessorImpl.java:43) ~[na:1.8.0_172]
	at java.lang.reflect.Method.invoke(Method.java:498) ~[na:1.8.0_172]
	at org.apache.tomcat.websocket.pojo.PojoEndpointBase.doOnOpen(PojoEndpointBase.java:65) ~[tomcat-embed-websocket-9.0.33.jar:9.0.33]
	at org.apache.tomcat.websocket.pojo.PojoEndpointServer.onOpen(PojoEndpointServer.java:64) [tomcat-embed-websocket-9.0.33.jar:9.0.33]
	at org.apache.tomcat.websocket.server.WsHttpUpgradeHandler.init(WsHttpUpgradeHandler.java:133) [tomcat-embed-websocket-9.0.33.jar:9.0.33]
	at org.apache.coyote.AbstractProtocol$ConnectionHandler.process(AbstractProtocol.java:914) [tomcat-embed-core-9.0.33.jar:9.0.33]
	at org.apache.tomcat.util.net.NioEndpoint$SocketProcessor.doRun(NioEndpoint.java:1594) [tomcat-embed-core-9.0.33.jar:9.0.33]
	at org.apache.tomcat.util.net.SocketProcessorBase.run(SocketProcessorBase.java:49) [tomcat-embed-core-9.0.33.jar:9.0.33]
	at java.util.concurrent.ThreadPoolExecutor.runWorker(ThreadPoolExecutor.java:1149) [na:1.8.0_172]
	at java.util.concurrent.ThreadPoolExecutor$Worker.run(ThreadPoolExecutor.java:624) [na:1.8.0_172]
	at org.apache.tomcat.util.threads.TaskThread$WrappingRunnable.run(TaskThread.java:61) [tomcat-embed-core-9.0.33.jar:9.0.33]
	at java.lang.Thread.run(Thread.java:748) [na:1.8.0_172]

2020-04-09 17:05:00.270 ERROR 7560 --- [http-nio-8090-exec-1] o.a.t.websocket.pojo.PojoEndpointBase    : Failed to call onClose method of POJO end point for POJO of type [com.item.configure.WebSocket]

java.lang.reflect.InvocationTargetException: null
	at sun.reflect.NativeMethodAccessorImpl.invoke0(Native Method) ~[na:1.8.0_172]
	at sun.reflect.NativeMethodAccessorImpl.invoke(NativeMethodAccessorImpl.java:62) ~[na:1.8.0_172]
	at sun.reflect.DelegatingMethodAccessorImpl.invoke(DelegatingMethodAccessorImpl.java:43) ~[na:1.8.0_172]
	at java.lang.reflect.Method.invoke(Method.java:498) ~[na:1.8.0_172]
	at org.apache.tomcat.websocket.pojo.PojoEndpointBase.onClose(PojoEndpointBase.java:103) [tomcat-embed-websocket-9.0.33.jar:9.0.33]
	at org.apache.tomcat.websocket.WsSession.fireEndpointOnClose(WsSession.java:555) [tomcat-embed-websocket-9.0.33.jar:9.0.33]
	at org.apache.tomcat.websocket.WsSession.doClose(WsSession.java:501) [tomcat-embed-websocket-9.0.33.jar:9.0.33]
	at org.apache.tomcat.websocket.WsSession.doClose(WsSession.java:459) [tomcat-embed-websocket-9.0.33.jar:9.0.33]
	at org.apache.tomcat.websocket.WsSession.close(WsSession.java:446) [tomcat-embed-websocket-9.0.33.jar:9.0.33]
	at org.apache.tomcat.websocket.WsSession.close(WsSession.java:440) [tomcat-embed-websocket-9.0.33.jar:9.0.33]
	at org.apache.tomcat.websocket.pojo.PojoEndpointBase.handleOnOpenOrCloseError(PojoEndpointBase.java:92) [tomcat-embed-websocket-9.0.33.jar:9.0.33]
	at org.apache.tomcat.websocket.pojo.PojoEndpointBase.doOnOpen(PojoEndpointBase.java:77) [tomcat-embed-websocket-9.0.33.jar:9.0.33]
	at org.apache.tomcat.websocket.pojo.PojoEndpointServer.onOpen(PojoEndpointServer.java:64) [tomcat-embed-websocket-9.0.33.jar:9.0.33]
	at org.apache.tomcat.websocket.server.WsHttpUpgradeHandler.init(WsHttpUpgradeHandler.java:133) [tomcat-embed-websocket-9.0.33.jar:9.0.33]
	at org.apache.coyote.AbstractProtocol$ConnectionHandler.process(AbstractProtocol.java:914) [tomcat-embed-core-9.0.33.jar:9.0.33]
	at org.apache.tomcat.util.net.NioEndpoint$SocketProcessor.doRun(NioEndpoint.java:1594) [tomcat-embed-core-9.0.33.jar:9.0.33]
	at org.apache.tomcat.util.net.SocketProcessorBase.run(SocketProcessorBase.java:49) [tomcat-embed-core-9.0.33.jar:9.0.33]
	at java.util.concurrent.ThreadPoolExecutor.runWorker(ThreadPoolExecutor.java:1149) [na:1.8.0_172]
	at java.util.concurrent.ThreadPoolExecutor$Worker.run(ThreadPoolExecutor.java:624) [na:1.8.0_172]
	at org.apache.tomcat.util.threads.TaskThread$WrappingRunnable.run(TaskThread.java:61) [tomcat-embed-core-9.0.33.jar:9.0.33]
	at java.lang.Thread.run(Thread.java:748) [na:1.8.0_172]
Caused by: java.lang.NullPointerException: null
	at java.util.concurrent.ConcurrentHashMap.replaceNode(ConcurrentHashMap.java:1106) ~[na:1.8.0_172]
	at java.util.concurrent.ConcurrentHashMap.remove(ConcurrentHashMap.java:1097) ~[na:1.8.0_172]
	at com.item.configure.WebSocket.OnClose(WebSocket.java:53) ~[classes/:na]
	... 21 common frames omitted

2020-04-09 17:05:00.271 ERROR 7560 --- [http-nio-8090-exec-1] o.a.t.websocket.pojo.PojoEndpointBase    : No error handling configured for [com.item.configure.WebSocket] and the following error occurred

java.lang.reflect.InvocationTargetException: null
	at sun.reflect.NativeMethodAccessorImpl.invoke0(Native Method) ~[na:1.8.0_172]
	at sun.reflect.NativeMethodAccessorImpl.invoke(NativeMethodAccessorImpl.java:62) ~[na:1.8.0_172]
	at sun.reflect.DelegatingMethodAccessorImpl.invoke(DelegatingMethodAccessorImpl.java:43) ~[na:1.8.0_172]
	at java.lang.reflect.Method.invoke(Method.java:498) ~[na:1.8.0_172]
	at org.apache.tomcat.websocket.pojo.PojoEndpointBase.onClose(PojoEndpointBase.java:103) [tomcat-embed-websocket-9.0.33.jar:9.0.33]
	at org.apache.tomcat.websocket.WsSession.fireEndpointOnClose(WsSession.java:555) [tomcat-embed-websocket-9.0.33.jar:9.0.33]
	at org.apache.tomcat.websocket.WsSession.doClose(WsSession.java:501) [tomcat-embed-websocket-9.0.33.jar:9.0.33]
	at org.apache.tomcat.websocket.WsSession.doClose(WsSession.java:459) [tomcat-embed-websocket-9.0.33.jar:9.0.33]
	at org.apache.tomcat.websocket.WsSession.close(WsSession.java:446) [tomcat-embed-websocket-9.0.33.jar:9.0.33]
	at org.apache.tomcat.websocket.WsSession.close(WsSession.java:440) [tomcat-embed-websocket-9.0.33.jar:9.0.33]
	at org.apache.tomcat.websocket.pojo.PojoEndpointBase.handleOnOpenOrCloseError(PojoEndpointBase.java:92) [tomcat-embed-websocket-9.0.33.jar:9.0.33]
	at org.apache.tomcat.websocket.pojo.PojoEndpointBase.doOnOpen(PojoEndpointBase.java:77) [tomcat-embed-websocket-9.0.33.jar:9.0.33]
	at org.apache.tomcat.websocket.pojo.PojoEndpointServer.onOpen(PojoEndpointServer.java:64) [tomcat-embed-websocket-9.0.33.jar:9.0.33]
	at org.apache.tomcat.websocket.server.WsHttpUpgradeHandler.init(WsHttpUpgradeHandler.java:133) [tomcat-embed-websocket-9.0.33.jar:9.0.33]
	at org.apache.coyote.AbstractProtocol$ConnectionHandler.process(AbstractProtocol.java:914) [tomcat-embed-core-9.0.33.jar:9.0.33]
	at org.apache.tomcat.util.net.NioEndpoint$SocketProcessor.doRun(NioEndpoint.java:1594) [tomcat-embed-core-9.0.33.jar:9.0.33]
	at org.apache.tomcat.util.net.SocketProcessorBase.run(SocketProcessorBase.java:49) [tomcat-embed-core-9.0.33.jar:9.0.33]
	at java.util.concurrent.ThreadPoolExecutor.runWorker(ThreadPoolExecutor.java:1149) [na:1.8.0_172]
	at java.util.concurrent.ThreadPoolExecutor$Worker.run(ThreadPoolExecutor.java:624) [na:1.8.0_172]
	at org.apache.tomcat.util.threads.TaskThread$WrappingRunnable.run(TaskThread.java:61) [tomcat-embed-core-9.0.33.jar:9.0.33]
	at java.lang.Thread.run(Thread.java:748) [na:1.8.0_172]
Caused by: java.lang.NullPointerException: null
	at java.util.concurrent.ConcurrentHashMap.replaceNode(ConcurrentHashMap.java:1106) ~[na:1.8.0_172]
	at java.util.concurrent.ConcurrentHashMap.remove(ConcurrentHashMap.java:1097) ~[na:1.8.0_172]
	at com.item.configure.WebSocket.OnClose(WebSocket.java:53) ~[classes/:na]
	... 21 common frames omitted

